1656154533787	geckodriver	INFO	Listening on 127.0.0.1:7876
1656154536869	mozrunner::runner	INFO	Running command: "C:\\Program Files\\Mozilla Firefox\\firefox.exe" "--marionette" "-no-remote" "-profile" "C:\\Users\\mrmmsi\\AppData\\Local\\Temp\\rust_mozprofileIaQ6H6"
1656154537322	Marionette	INFO	Marionette enabled
console.warn: SearchSettings: "get: No settings file exists, new profile?" (new NotFoundError("Could not open the file at C:\\Users\\mrmmsi\\AppData\\Local\\Temp\\rust_mozprofileIaQ6H6\\search.json.mozlz4", (void 0)))
1656154538620	Marionette	INFO	Listening on port 7897
Read port: 7897
1656154538661	RemoteAgent	WARN	TLS certificate errors will be ignored for this session
JavaScript warning: https://eduold.uk.ac.ir/_Scripts/faci.js, line 228: unreachable code after return statement
JavaScript warning: https://eduold.uk.ac.ir/_Scripts/Commander.js, line 2696: unreachable code after return statement
JavaScript warning: https://eduold.uk.ac.ir/_Scripts/Commander.js, line 3105: unreachable code after return statement
console.warn: LoginRecipes: "getRecipes: falling back to a synchronous message for:" "https://eduold.uk.ac.ir"
console.warn: LoginRecipes: "getRecipes: falling back to a synchronous message for:" "https://eduold.uk.ac.ir"
console.warn: "Inspector destroyed while executing onReflow callback"
JavaScript error: resource://gre/modules/AsyncShutdown.jsm, line 575: NotFoundError: No such JSWindowActor 'DevToolsFrame'
JavaScript error: resource://gre/modules/AsyncShutdown.jsm, line 575: NotFoundError: No such JSWindowActor 'DevToolsFrame'
JavaScript error: resource://gre/modules/AsyncShutdown.jsm, line 575: NotFoundError: No such JSWindowActor 'DevToolsFrame'
JavaScript error: resource://gre/modules/AsyncShutdown.jsm, line 575: NotFoundError: No such JSWindowActor 'DevToolsFrame'
JavaScript error: resource://gre/modules/AsyncShutdown.jsm, line 575: NotFoundError: No such JSWindowActor 'DevToolsFrame'
Jav1656154906943	Marionette	INFO	Stopped listening on port 4100

###!!! [Parent][PGPUParent] Error: RunMessage(msgname=PGPU::Msg_ShutdownVR) Channel closing: too late to send/recv, messages will be lost

\\Users\\mrmmsi\\AppData\\Local\\Temp\\rust_mozprofileqdtzZG"
1656154895835	Marionette	INFO	Marionette enabled
JavaScript error: chrome://browser/content/tabbrowser.js, line 5318: TypeError: this.PictureInPicture is undefined
console.warn: SearchSettings: "get: No settings file exists, new profile?" (new NotFoundError("Could not open the file at C:\\Users\\mrmmsi\\AppData\\Local\\Temp\\rust_mozprofileqdtzZG\\search.json.mozlz4", (void 0)))
JavaScript error: resource:///modules/CustomizableUI.jsm, line 4103: Error: Area not yet restored
JavaScript error: resource:///modules/CustomizableUI.jsm, line 4103: Error: Area not yet restored
JavaScript error: resource:///modules/CustomizableUI.jsm, line 4832: TypeError: aWindow.gNavToolbox.palette is undefined
'DevToolsFrame'
JavaScript error: resource://gre/modules/AsyncShutdown.jsm, line 575: NotFoundError: No such JSWindowActor 'DevToolsFrame'
JavaScript error: resource://gre/modules/AsyncShutdown.jsm, line 575: NotFoundError: No such JSWindowActor 'DevToolsFrame'
JavaScript error: resource://gre/modules/AsyncShutdown.jsm, line 575: NotFoundError: No such JSWindowActor 'DevToolsFrame'
JavaScript error: resource://gre/modules/AsyncShutdown.jsm, line 575: NotFoundError: No such JSWindowActor 'DevToolsFrame'
JavaScript error: resource://gre/modules/AsyncShutdown.jsm, line 575: NotFoundError: No such JSWindowActor 'DevToolsFrame'
JavaScript error: resource://gre/modules/AsyncShutdown.jsm, line 575: NotFoundError: No such JSWindowActor 'DevToolsFrame'
JavaScript error: resource://gre/modules/AsyncShutdown.jsm, line 575: NotFoundError: No such JSWindowActor 'DevToolsFrame'
JavaScript error: resource://gre/modules/AsyncShutdown.jsm, line 575: NotFoundError: No such JSWindowActor 'DevToolsFrame'
JavaScript error: resource://gre/modules/AsyncShutdown.jsm, line 575: NotFoundError: No such JSWindowActor 'DevToolsFrame'
JavaScript error: resource://gre/modules/AsyncShutdown.jsm, line 575: NotFoundError: No such JSWindowActor 'DevToolsFrame'
JavaScript error: resource://gre/modules/AsyncShutdown.jsm, line 575: NotFoundError: No such JSWindowActor 'DevToolsFrame'
JavaScript error: resource://gre/modules/AsyncShutdown.jsm, line 575: NotFoundError: No such JSWindowActor 'DevToolsFrame'
JavaScript error: resource://gre/modules/AsyncShutdown.jsm, line 575: NotFoundError: No such JSWindowActor 'DevToolsFrame'
1656154892845	Marionette	INFO	Stopped listening on port 7897
1656154908852	geckodriver	INFO	Listening on 127.0.0.1:4160
1656154911937	mozrunner::runner	INFO	Running command: "C:\\Program Files\\Mozilla Firefox\\firefox.exe" "--marionette" "-no-remote" "-profile" "C:\\Users\\mrmmsi\\AppData\\Local\\Temp\\rust_mozprofilecWLxLT"
1656154912198	Marionette	INFO	Marionette enabled
console.warn: SearchSettings: "get: No settings file exists, new profile?" (new NotFoundError("Could not open the file at C:\\Users\\mrmmsi\\AppData\\Local\\Temp\\rust_mozprofilecWLxLT\\search.json.mozlz4", (void 0)))
1656154913275	Marionette	INFO	Listening on port 4180
Read port: 4180
1656154913374	RemoteAgent	WARN	TLS certificate errors will be ignored for this session
1656154915541	Marionette	INFO	Stopped listening on port 4181656154916466	mozrunner::runner	INFO	Running command: "C:\\Program Files\\Mozilla Firefox\\firefox.exe" "--marionette" "-no-remote" "-profile" "C:\\Users\\mrmmsi\\AppData\\Local\\Temp\\rust_mozprofilegESiBb"
1656154916728	Marionette	INFO	Marionette enabled
console.warn: SearchSettings: "get: No settings file exists, new profile?" (new NotFoundError("Could not open the file at C:\\Users\\mrmmsi\\AppData\\Local\\Temp\\rust_mozprofilegESiBb\\search.json.mozlz4", (void 0)))
1656154917819	Marionette	INFO	Listening on port 4218
Read port: 4218
1656154917915	RemoteAgent	WARN	TLS certificate errors will be ignored for this session
JavaScript warning: https://eduold.uk.ac.ir/_Scripts/faci.js, line 228: unreachable code after return statement
JavaScript warning: https://eduold.uk.ac.ir/_Scripts/Commander.js, line 2696: unreachable code after return statement
JavaScript warning: https://eduold.uk.ac.ir/_Scripts/Commander.js, line 3105: unreachable code after return statement
console.warn: LoginRecipes: "getRecipes: falling back to a synchronous message for:" "https://eduold.uk.ac.ir"
console.warn: LoginRecipes: "getRecipes: falling back to a synchronous message for:" "https://eduold.uk.ac.ir"
1656154925011	Marionette	INFO	Stopped listening on port 4218

###!!! [Parent][PGPUParent] Error: RunMessage(msgname=PGPU::Msg_ShutdownVR) Channel closing: too late to send/recv, messages will be lost

1656155161647	geckodriver	INFO	Listening on 127.0.0.1:4308
1656155164733	mozrunner::runner	INFO	Running command: "C:\\Program Files\\Mozilla Firefox\\firefox.exe" "--marionette" "-no-remote" "-profile" "C:\\Users\\mrmmsi\\AppData\\Local\\Temp\\rust_mozprofileHFfI0v"
1656155164983	Marionette	INFO	Marionette enabled
console.warn: SearchSettings: "get: No settings file exists, new profile?" (new NotFoundError("Could not open the file at C:\\Users\\mrmmsi\\AppData\\Local\\Temp\\rust_mozprofileHFfI0v\\search.json.mozlz4", (void 0)))
1656155165987	Marionette	INFO	Listening on port 4328
Read port: 4328
1656155166057	RemoteAgent	WARN	TLS certificate errors will be ignored for this session
1656155166067	Marionette	INFO	Stopped listening on port 4328
console.error: Region.jsm: "Error fetching region" (new TypeError("NetworkError when attempting to fetch resource.", ""))
console.error: Region.jsm: "Failed to fetch region" (new Error("NO_RESULT", "resource://gre/modules/Region.jsm", 419))

###!!! [Parent][PGPUParent] Error: RunMessage(msgname=PGPU::Msg_ShutdownVR) Channel closing: too late to send/recv, messages will be lost

1656155166498	geckodriver	INFO	Listening on 127.0.0.1:4331
1656155169552	mozrunner::runner	INFO	Running command: "C:\\Program Files\\Mozilla Firefox\\firefox.exe" "--marionette" "-no-remote" "-profile" "C:\\Users\\mrmmsi\\AppData\\Local\\Temp\\rust_mozprofile65SxEX"
1656155169799	Marionette	INFO	Marionette enabled
console.warn: SearchSettings: "get: No settings file exists, new profile?" (new NotFoundError("Could not open the file at C:\\Users\\mrmmsi\\AppData\\Local\\Temp\\rust_mozprofile65SxEX\\search.json.mozlz4", (void 0)))
1656155170840	Marionette	INFO	Listening on port 4352
Read port: 4352
1656155170869	RemoteAgent	WARN	TLS certificate errors will be ignored for this session
JavaScript warning: https://eduold.uk.ac.ir/_Scripts/faci.js, line 228: unreachable code after return statement
JavaScript warning: https://eduold.uk.ac.ir/_Scripts/Commander.js, line 2696: unreachable code after return statement
JavaScript warning: https://eduold.uk.ac.ir/_Scripts/Commander.js, line 3105: unreachable code after return statement
console.warn: LoginRecipes: "getRecipes: falling back to a synchronous message for:" "https://eduold.uk.ac.ir"
console.warn: LoginRecipes: "getRecipes: falling back to a synchronous message for:" "https://eduold.uk.ac.ir"
JavaScript warning: https://eduold.uk.ac.ir/_Scripts/Commander.js, line 2696: unreachable code after return statement
JavaScript warning: https://eduold.uk.ac.ir/_Scripts/Commander.js, line 3105: unreachable code after return statement
JavaScript error: resource://gre/modules/AsyncShutdown.jsm,1656155357109	mozrunner::runner	INFO	Running command: "C:\\Program Files\\Mozilla Firefox\\firefox.exe" "--marionette" "-no-remote" "-profile" "C:\\Users\\mrmmsi\\AppData\\Local\\Temp\\rust_mozprofileUSBZAE"
1656155357365	Marionette	INFO	Marionette enabled
console.warn: SearchSettings: "get: No settings file exists, new profile?" (new NotFoundError("Could not open the file at C:\\Users\\mrmmsi\\AppData\\Local\\Temp\\rust_mozprofileUSBZAE\\search.json.mozlz4", (void 0)))
1656155358413	Marionette	INFO	Listening on port 4460
Read port: 4460
1656155358447	RemoteAgent	WARN	TLS certificate errors will be ignored for this session
1656155358457	Marionette	INFO	Stopped listening on port 4460
console.error: Region.jsm: "Error fetching region" (new TypeError("NetworkError when attempting to fetch resource.", ""))
console.error: Region.jsm: "Failed to fetch region" (new Error("NO_RESULT", "resource://gre/modules/Region.jsm", 419))
ipt error: resource://gre/modules/AsyncShutdown.jsm, line 575: NotFoundError: No such JSWindowActor 'DevToolsFrame'
JavaScript error: resource://gre/modules/AsyncShutdown.jsm, line 575: NotFoundError: No such JSWindowActor 'DevToolsFrame'
JavaScript error: resource://gre/modules/AsyncShutdown.jsm, line 575: NotFoundError: No such JSWindowActor 'DevToolsFrame'
JavaScript error: resource://gre/modules/AsyncShutdown.jsm, line 575: NotFoundError: No such JSWindowActor 'DevToolsFrame'
1656155356961	Marionette	INFO	Stopped listening on port 4352
1656155358910	geckodriver	INFO	Listening on 127.0.0.1:4463
1656155361970	mozrunner::runner	INFO	Running command: "C:\\Program Files\\Mozilla Firefox\\firefox.exe" "--marionette" "-no-remote" "-profile" "C:\\Users\\mrmmsi\\AppData\\Local\\Temp\\rust_mozprofileaJLzfD"
1656155362208	Marionette	INFO	Marionette enabled
console.warn: SearchSettings: "get: No settings file exists, new profile?" (new NotFoundError("Could not open the file at C:\\Users\\mrmmsi\\AppData\\Local\\Temp\\rust_mozprofileaJLzfD\\search.json.mozlz4", (void 0)))
1656155363172	Marionette	INFO	Listening on port 4484
Read port: 4484
1656155363188	RemoteAgent	WARN	TLS certificate errors will be ignored for this session
JavaScript warning: https://eduold.uk.ac.ir/_Scripts/faci.js, line 228: unreachable code after return statement
JavaScript warning: https://eduold.uk.ac.ir/_Scripts/Commander.js, line 2696: unreachable code after return statement
JavaScript warning: https://eduold.uk.ac.ir/_Scripts/Commander.js, line 3105: unreachable code after return statement
console.warn: LoginRecipes: "getRecipes: falling back to a synchronous message for:" "https://eduold.uk.ac.ir"
console.warn: LoginRecipes: "getRecipes: falling back to a synchronous message for:" "https://eduold.uk.ac.ir"
JavaScript warning: https://eduold.uk.ac.ir/_Scripts/Commander.js, line 2696: unreachable code after return statement
JavaScript warning: https://eduold.uk.ac.ir/_Scripts/Commander.js, line 3105: unreachable code after return statement
JavaScript error: resource://gre/modules/AsyncShutdown.jsm, line 575: NotFoundError: No such JSWindowActor 'DevToolsFrame'
JavaScript error: resource://gre/modules/AsyncShutdown.jsm, line 575: NotFoundError: No such JSWindowActor 'DevToolsFrame'
JavaScript error: resource://gre/modules/AsyncShutdown.jsm, line 575: NotFoundError: No such JSWindowActor 'DevToolsFrame'
JavaScript error: resource://gre/modules/AsyncShutdown.jsm, line 575: NotFoundError: No such JSWindowActor 'DevToolsFrame'
JavaScript error: resource://gre/modules/AsyncShutdown.jsm, line 575: NotFoundError: No such JSWindowActor 'DevToolsFrame'
JavaScript error: resource://gre/modules/AsyncShutdown.jsm, line 575: NotFoundError: No such JSWindowActor 'DevToolsFrame'
JavaScript error: resource://gre/modules/AsyncShutdown.jsm, line 575: NotFoundError: No such JSWindowActor 'DevToolsFrame'
JavaScript error: resource://gre/modules/AsyncShutdown.jsm, line 575: NotFoundError: No such JSWindowActor 'DevToolsFrame'
JavaScript error: resource://gre/modules/AsyncShutdown.jsm, line 575: NotFoundError: No such JSWindowActor 'DevToolsFrame'
JavaScript error: resource://gre/modules/AsyncShutdown.jsm, line 575: NotFoundError: No such JSWindowActor 'DevToolsFrame'
JavaScript error: resource://gre/modules/AsyncShutdown.jsm, line 575: NotFoundError: No such JSWindowActor 'DevToolsFrame'
JavaScript error: resource://gre/modules/AsyncShutdown.jsm, line 575: NotFoundError: No such JSWindowActor 'DevToolsFrame'
1656155740932	Marionette	INFO	Stopped listening on port 4484
aScript error: resource://activity-stream/lib/PlacesFeed.jsm, line 178: NS_ERROR_UNEXPECTED: Component returned failure code: 0x8000ffff (NS_ERROR_UNEXPECTED) [nsINavBookmarksService.addObserver]
JavaScript error: resource://gre/modules/JSONFile.jsm, line 138: AbortError: IOUtils.profileBeforeChange getter: IOUtils: profileBeforeChange phase has already finished
console.log: "RemoteSettingsWorker error: Error: Can't import when we've started shutting down."
console.log: "RemoteSettingsWorker error: Error: Can't import when we've started shutting down."
console.log: "RemoteSettingsWorker error: Error: Can't import when we've started shutting down."
JavaScript error: , line 0: AbortError: A request was aborted, for example through a call to IDBTransaction.abort.
1656155665120	geckodriver	INFO	Listening on 127.0.0.1:2809
1656155668169	mozrunner::runner	INFO	Running command: "C:\\Program Files\\Mozilla Firefox\\firefox.exe" "--marionette" "-no-remote" "-profile" "C:\\Users\\mrmmsi\\AppData\\Local\\Temp\\rust_mozprofileUQR7aN"
1656155668378	Marionette	INFO	Marionette enabled
console.warn: SearchSettings: "get: No settings file exists, new profile?" (new NotFoundError("Could not open the file at C:\\Users\\mrmmsi\\AppData\\Local\\Temp\\rust_mozprofileUQR7aN\\search.json.mozlz4", (void 0)))
1656155669391	Marionette	INFO	Listening on port 2830
Read port: 2830
1656155669408	RemoteAgent	WARN	TLS certificate errors will be ignored for this session
JavaScript warning: https://eduold.uk.ac.ir/_Scripts/faci.js, line 228: unreachable code after return statement
JavaScript warning: https://eduold.uk.ac.ir/_Scripts/Commander.js, line 2696: unreachable code after return statement
JavaScript warning: https://eduold.uk.ac.ir/_Scripts/Commander.js, line 3105: unreachable code after return statement
console.warn: LoginRecipes: "getRecipes: falling back to a synchronous message for:" "https://eduold.uk.ac.ir"
console.warn: LoginRecipes: "getRecipes: falling back to a synchronous message for:" "https://eduold.uk.ac.ir"
1656155746096	Marionette	INFO	Stopped listening on port 2830
6155724866	mozrunner::runner	INFO	Running command: "C:\\Program Files\\Mozilla Firefox\\firefox.exe" "--marionette" "-no-remote" "-profile" "C:\\Users\\mrmmsi\\AppData\\Local\\Temp\\rust_mozprofileFt0sUF"
1656155725094	Marionette	INFO	Marionette enabled
console.warn: SearchSettings: "get: No settings file exists, new profile?" (new NotFoundError("Could not open the file at C:\\Users\\mrmmsi\\AppData\\Local\\Temp\\rust_mozprofileFt0sUF\\search.json.mozlz4", (void 0)))
1656155726162	Marionette	INFO	Listening on port 2893
Read port: 2893
1656155726199	RemoteAgent	WARN	TLS certificate errors will be ignored for this session
1656155726211	Marionette	INFO	Stopped listening on port 2893
console.error: Region.jsm: "Error fetching region" (new TypeError("NetworkError when attempting to fetch resource.", ""))
console.error: Region.jsm: "Failed to fetch region" (new Error("NO_RESULT", "resource://gre/modules/Region.jsm", 419))
1656155726780	geckodriver	INFO	Listening on 127.0.0.1:2897
1656155729834	mozrunner::runner	INFO	Running command: "C:\\Program Files\\Mozilla Firefox\\firefox.exe" "--marionette" "-no-remote" "-profile" "C:\\Users\\mrmmsi\\AppData\\Local\\Temp\\rust_mozprofileX8c2jz"
1656155730049	Marionette	INFO	Marionette enabled
console.warn: SearchSettings: "get: No settings file exists, new profile?" (new NotFoundError("Could not open the file at C:\\Users\\mrmmsi\\AppData\\Local\\Temp\\rust_mozprofileX8c2jz\\search.json.mozlz4", (void 0)))
1656155731083	Marionette	INFO	Listening on port 2920
Read port: 2920
1656155731163	RemoteAgent	WARN	TLS certificate errors will be ignored for this session
JavaScript warning: https://eduold.uk.ac.ir/_Scripts/faci.js, line 228: unreachable code after return statement
JavaScript warning: https://eduold.uk.ac.ir/_Scripts/Commander.js, line 2696: unreachable code after return statement
JavaScript warning: https://eduold.uk.ac.ir/_Scripts/Commander.js, line 3105: unreachable code after return statement
console.warn: LoginRecipes: "getRecipes: falling back to a synchronous message for:" "https://eduold.uk.ac.ir"
console.warn: LoginRecipes: "getRecipes: falling back to a synchronous message for:" "https://eduold.uk.ac.ir"
1656156148618	Marionette	INFO	Stopped listening on port 2920
6156147614	mozrunner::runner	INFO	Running command: "C:\\Program Files\\Mozilla Firefox\\firefox.exe" "--marionette" "-no-remote" "-profile" "C:\\Users\\mrmmsi\\AppData\\Local\\Temp\\rust_mozprofileYHzmqw"
1656156147859	Marionette	INFO	Marionette enabled
JavaScript error: chrome://browser/content/tabbrowser.js, line 5318: TypeError: this.PictureInPicture is undefined
console.warn: SearchSettings: "get: No settings file exists, new profile?" (new NotFoundError("Could not open the file at C:\\Users\\mrmmsi\\AppData\\Local\\Temp\\rust_mozprofileYHzmqw\\search.json.mozlz4", (void 0)))
JavaScript error: resource:///modules/CustomizableUI.jsm, line 4103: Error: Area not yet restored
JavaScript error: chrome://browser/content/tabbrowser.js, line 5318: TypeError: this.PictureInPicture is undefined
JavaScript error: resource:///modules/CustomizableUI.jsm, line 4103: Error: Area not yet restored
JavaScript error: resource:///modules/CustomizableUI.jsm, line 4832: TypeError: aWindow.gNavToolbox.palette is undefined
1656156236043	geckodriver	INFO	Listening on 127.0.0.1:3087
1656156239115	mozrunner::runner	INFO	Running command: "C:\\Program Files\\Mozilla Firefox\\firefox.exe" "--marionette" "-no-remote" "-profile" "C:\\Users\\mrmmsi\\AppData\\Local\\Temp\\rust_mozprofile9c5qf5"
1656156239367	Marionette	INFO	Marionette enabled
console.warn: SearchSettings: "get: No settings file exists, new profile?" (new NotFoundError("Could not open the file at C:\\Users\\mrmmsi\\AppData\\Local\\Temp\\rust_mozprofile9c5qf5\\search.json.mozlz4", (void 0)))
1656156240427	Marionette	INFO	Listening on port 3107
Read port: 3107
1656156240452	RemoteAgent	WARN	TLS certificate errors will be ignored for this session
1656156240462	Marionette	INFO	Stopped listening on port 3107
console.error: Region.jsm: "Error fetching region" (new TypeError("NetworkError when attempting to fetch resource.", ""))
console.error: Region.jsm: "Failed to fetch region" (new Error("NO_RESULT", "resource://gre/modules/Region.jsm", 419))
1656156241019	geckodriver	INFO	Listening on 127.0.0.1:3109
1656156244103	mozrunner::runner	INFO	Running command: "C:\\Program Files\\Mozilla Firefox\\firefox.exe" "--marionette" "-no-remote" "-profile" "C:\\Users\\mrmmsi\\AppData\\Local\\Temp\\rust_mozprofileDg4mOB"
1656156244369	Marionette	INFO	Marionette enabled
console.warn: SearchSettings: "get: No settings file exists, new profile?" (new NotFoundError("Could not open the file at C:\\Users\\mrmmsi\\AppData\\Local\\Temp\\rust_mozprofileDg4mOB\\search.json.mozlz4", (void 0)))
1656156245411	Marionette	INFO	Listening on port 3130
Read port: 3130
1656156245434	RemoteAgent	WARN	TLS certificate errors will be ignored for this session
JavaScript warning: https://eduold.uk.ac.ir/_Scripts/faci.js, line 228: unreachable code after return statement
JavaScript warning: https://eduold.uk.ac.ir/_Scripts/Commander.js, line 2696: unreachable code after return statement
JavaScript warning: https://eduold.uk.ac.ir/_Scripts/Commander.js, line 3105: unreachable code after return statement
console.warn: LoginRecipes: "getRecipes: falling back to a synchronous message for:" "https://eduold.uk.ac.ir"
console.warn: LoginRecipes: "getRecipes: falling back to a synchronous message for:" "https://eduold.uk.ac.ir"
1656156324871	Marionette	INFO	Stopped listening on port 3131656156325625	mozrunner::runner	INFO	Running command: "C:\\Program Files\\Mozilla Firefox\\firefox.exe" "--marionette" "-no-remote" "-profile" "C:\\Users\\mrmmsi\\AppData\\Local\\Temp\\rust_mozprofilefuBx1t"
1656156325874	Marionette	INFO	Marionette enabled
console.warn: SearchSettings: "get: No settings file exists, new profile?" (new NotFoundError("Could not open the file at C:\\Users\\mrmmsi\\AppData\\Local\\Temp\\rust_mozprofilefuBx1t\\search.json.mozlz4", (void 0)))
1656156326935	Marionette	INFO	Listening on port 3199
Read port: 3199
1656156326963	RemoteAgent	WARN	TLS certificate errors will be ignored for this session
1656156326975	Marionette	INFO	Stopped listening on port 3199
console.error: Region.jsm: "Error fetching region" (new TypeError("NetworkError when attempting to fetch resource.", ""))
console.error: Region.jsm: "Failed to fetch region" (new Error("NO_RESULT", "resource://gre/modules/Region.jsm", 419))
1656156327426	geckodriver	INFO	Listening on 127.0.0.1:3202
1656156330501	mozrunner::runner	INFO	Running command: "C:\\Program Files\\Mozilla Firefox\\firefox.exe" "--marionette" "-no-remote" "-profile" "C:\\Users\\mrmmsi\\AppData\\Local\\Temp\\rust_mozprofileLFHALX"
1656156330762	Marionette	INFO	Marionette enabled
console.warn: SearchSettings: "get: No settings file exists, new profile?" (new NotFoundError("Could not open the file at C:\\Users\\mrmmsi\\AppData\\Local\\Temp\\rust_mozprofileLFHALX\\search.json.mozlz4", (void 0)))
1656156331867	Marionette	INFO	Listening on port 3222
Read port: 3222
1656156331949	RemoteAgent	WARN	TLS certificate errors will be ignored for this session
JavaScript warning: https://eduold.uk.ac.ir/_Scripts/faci.js, line 228: unreachable code after return statement
JavaScript warning: https://eduold.uk.ac.ir/_Scripts/Commander.js, line 2696: unreachable code after return statement
JavaScript warning: https://eduold.uk.ac.ir/_Scripts/Commander.js, line 3105: unreachable code after return statement
console.warn: LoginRecipes: "getRecipes: falling back to a synchronous message for:" "https://eduold.uk.ac.ir"
console.warn: LoginRecipes: "getRecipes: falling back to a synchronous message for:" "https://eduold.uk.ac.ir"
1656156380081	Marionette	INFO	Stopped listening on port 3222
1656156750655	geckodriver	INFO	Listening on 127.0.0.1:3050
1656156753724	mozrunner::runner	INFO	Running command: "C:\\Program Files\\Mozilla Firefox\\firefox.exe" "--marionette" "-no-remote" "-profile" "C:\\Users\\mrmmsi\\AppData\\Local\\Temp\\rust_mozprofileKCqt30"
1656156753980	Marionette	INFO	Marionette enabled
console.warn: SearchSettings: "get: No settings file exists, new profile?" (new NotFoundError("Could not open the file at C:\\Users\\mrmmsi\\AppData\\Local\\Temp\\rust_mozprofileKCqt30\\search.json.mozlz4", (void 0)))
1656156755064	Marionette	INFO	Listening on port 3071
Read port: 3071
1656156755140	RemoteAgent	WARN	TLS certificate errors will be ignored for this session
1656156755152	Marionette	INFO	Stopped listening on port 3071
console.error: Region.jsm: "Error fetching region" (new TypeError("NetworkError when attempting to fetch resource.", ""))
console.error: Region.jsm: "Failed to fetch region" (new Error("NO_RESULT", "resource://gre/modules/Region.jsm", 419))
1656156756996	geckodriver	INFO	Listening on 127.0.0.1:3075
1656156760085	mozrunner::runner	INFO	Running command: "C:\\Program Files\\Mozilla Firefox\\firefox.exe" "--marionette" "-no-remote" "-profile" "C:\\Users\\mrmmsi\\AppData\\Local\\Temp\\rust_mozprofile4wgzJc"
1656156760340	Marionette	INFO	Marionette enabled
console.warn: SearchSettings: "get: No settings file exists, new profile?" (new NotFoundError("Could not open the file at C:\\Users\\mrmmsi\\AppData\\Local\\Temp\\rust_mozprofile4wgzJc\\search.json.mozlz4", (void 0)))
1656156761358	Marionette	INFO	Listening on port 3096
Read port: 3096
1656156761415	RemoteAgent	WARN	TLS certificate errors will be ignored for this session
JavaScript warning: https://eduold.uk.ac.ir/_Scripts/faci.js, line 228: unreachable code after return statement
JavaScript warning: https://eduold.uk.ac.ir/_Scripts/Commander.js, line 2696: unreachable code after return statement
JavaScript warning: https://eduold.uk.ac.ir/_Scripts/Commander.js, line 3105: unreachable code after return statement
console.warn: LoginRecipes: "getRecipes: falling back to a synchronous message for:" "https://eduold.uk.ac.ir"
console.warn: LoginRecipes: "getRecipes: falling back to a synchronous message for:" "https://eduold.uk.ac.ir"
1656156948834	Marionette	INFO	Stopped listening on port 3096

###!!! [Parent][PGPUParent] Error: RunMessage(msgname=PGPU::Msg_ShutdownVR) Channel closing: too late to send/recv, messages will be lost

\\Users\\mrmmsi\\AppData\\Local\\Temp\\rust_mozprofile8zaCNk"
1656156885243	Marionette	INFO	Marionette enabled
console.warn: SearchSettings: "get: No settings file exists, new profile?" (new NotFoundError("Could not open the file at C:\\Users\\mrmmsi\\AppData\\Local\\Temp\\rust_mozprofile8zaCNk\\search.json.mozlz4", (void 0)))
1656156886398	Marionette	INFO	Listening on port 3279
Read port: 3279
1656156886454	RemoteAgent	WARN	TLS certificate errors will be ignored for this session
1656156886460	Marionette	INFO	Stopped listening on port 3279
console.error: Region.jsm: "Error fetching region" (new TypeError("NetworkError when attempting to fetch resource.", ""))
console.error: Region.jsm: "Failed to fetch region" (new Error("NO_RESULT", "resource://gre/modules/Region.jsm", 419))
1656156887112	geckodriver	INFO	Listening on 127.0.0.1:3281
1656156890182	mozrunner::runner	INFO	Running command: "C:\\Program Files\\Mozilla Firefox\\firefox.exe" "--marionette" "-no-remote" "-profile" "C:\\Users\\mrmmsi\\AppData\\Local\\Temp\\rust_mozprofiles4d980"
1656156890409	Marionette	INFO	Marionette enabled
console.warn: SearchSettings: "get: No settings file exists, new profile?" (new NotFoundError("Could not open the file at C:\\Users\\mrmmsi\\AppData\\Local\\Temp\\rust_mozprofiles4d980\\search.json.mozlz4", (void 0)))
1656156891435	Marionette	INFO	Listening on port 3304
Read port: 3304
1656156891505	RemoteAgent	WARN	TLS certificate errors will be ignored for this session
JavaScript warning: https://eduold.uk.ac.ir/_Scripts/faci.js, line 228: unreachable code after return statement
JavaScript warning: https://eduold.uk.ac.ir/_Scripts/Commander.js, line 2696: unreachable code after return statement
JavaScript warning: https://eduold.uk.ac.ir/_Scripts/Commander.js, line 3105: unreachable code after return statement
console.warn: LoginRecipes: "getRecipes: falling back to a synchronous message for:" "https://eduold.uk.ac.ir"
console.warn: LoginRecipes: "getRecipes: falling back to a synchronous message for:" "https://eduold.uk.ac.ir"
1656156948118	Marionette	INFO	Stopped listening on port 3304
1656157334310	geckodriver	INFO	Listening on 127.0.0.1:13998
1656157337370	mozrunner::runner	INFO	Running command: "C:\\Program Files\\Mozilla Firefox\\firefox.exe" "--marionette" "-no-remote" "-profile" "C:\\Users\\mrmmsi\\AppData\\Local\\Temp\\rust_mozprofileq14LUk"
1656157337624	Marionette	INFO	Marionette enabled
JavaScript error: chrome://browser/content/tabbrowser.js, line 5318: TypeError: this.PictureInPicture is undefined
console.warn: SearchSettings: "get: No settings file exists, new profile?" (new NotFoundError("Could not open the file at C:\\Users\\mrmmsi\\AppData\\Local\\Temp\\rust_mozprofileq14LUk\\search.json.mozlz4", (void 0)))
JavaScript error: resource:///modules/CustomizableUI.jsm, line 4103: Error: Area not yet restored
JavaScript error: chrome://browser/content/tabbrowser.js, line 5318: TypeError: this.PictureInPicture is undefined
JavaScript error: chrome://browser/content/tabbrowser.js, line 5318: TypeError: this.PictureInPicture is undefined
JavaScript error: resource:///modules/CustomizableUI.jsm, line 4103: Error: Area not yet restored
JavaScript error: resource:///modules/CustomizableUI.jsm, line 4832: TypeError: aWindow.gNavToolbox.palette is undefined
1656157458373	geckodriver	INFO	Listening on 127.0.0.1:14101
1656157461444	mozrunner::runner	INFO	Running command: "C:\\Program Files\\Mozilla Firefox\\firefox.exe" "--marionette" "-no-remote" "-profile" "C:\\Users\\mrmmsi\\AppData\\Local\\Temp\\rust_mozprofileuxcfRT"
1656157461696	Marionette	INFO	Marionette enabled
JavaScript error: chrome://browser/content/tabbrowser.js, line 5318: TypeError: this.PictureInPicture is undefined
console.warn: SearchSettings: "get: No settings file exists, new profile?" (new NotFoundError("Could not open the file at C:\\Users\\mrmmsi\\AppData\\Local\\Temp\\rust_mozprofileuxcfRT\\search.json.mozlz4", (void 0)))
JavaScript error: resource:///modules/CustomizableUI.jsm, line 4103: Error: Area not yet restored
JavaScript error: chrome://browser/content/tabbrowser.js, line 5318: TypeError: this.PictureInPicture is undefined
JavaScript error: chrome://browser/content/tabbrowser.js, line 5318: TypeError: this.PictureInPicture is undefined
1656158687916	geckodriver	INFO	Listening on 127.0.0.1:14367
1656158691008	mozrunner::runner	INFO	Running command: "C:\\Program Files\\Mozilla Firefox\\firefox.exe" "--marionette" "-no-remote" "-profile" "C:\\Users\\mrmmsi\\AppData\\Local\\Temp\\rust_mozprofilehNGHt8"
1656158691301	Marionette	INFO	Marionette enabled
console.warn: SearchSettings: "get: No settings file exists, new profile?" (new NotFoundError("Could not open the file at C:\\Users\\mrmmsi\\AppData\\Local\\Temp\\rust_mozprofilehNGHt8\\search.json.mozlz4", (void 0)))
1656158692424	Marionette	INFO	Listening on port 14387
Read port: 14387
1656158692449	RemoteAgent	WARN	TLS certificate errors will be ignored for this session
1656158692458	Marionette	INFO	Stopped listening on port 14387
console.error: Region.jsm: "Error fetching region" (new TypeError("NetworkError when attempting to fetch resource.", ""))
console.error: Region.jsm: "Failed to fetch region" (new Error("NO_RESULT", "resource://gre/modules/Region.jsm", 419))
1656158693108	geckodriver	INFO	Listening on 127.0.0.1:14392
1656158696186	mozrunner::runner	INFO	Running command: "C:\\Program Files\\Mozilla Firefox\\firefox.exe" "--marionette" "-no-remote" "-profile" "C:\\Users\\mrmmsi\\AppData\\Local\\Temp\\rust_mozprofileyrrVkj"
1656158696430	Marionette	INFO	Marionette enabled
console.warn: SearchSettings: "get: No settings file exists, new profile?" (new NotFoundError("Could not open the file at C:\\Users\\mrmmsi\\AppData\\Local\\Temp\\rust_mozprofileyrrVkj\\search.json.mozlz4", (void 0)))
1656158697419	Marionette	INFO	Listening on port 14413
Read port: 14413
1656158697522	RemoteAgent	WARN	TLS certificate errors will be ignored for this session
JavaScript warning: https://eduold.uk.ac.ir/_Scripts/faci.js, line 228: unreachable code after return statement
JavaScript warning: https://eduold.uk.ac.ir/_Scripts/Commander.js, line 2696: unreachable code after return statement
JavaScript warning: https://eduold.uk.ac.ir/_Scripts/Commander.js, line 3105: unreachable code after return statement
console.warn: LoginRecipes: "getRecipes: falling back to a synchronous message for:" "https://eduold.uk.ac.ir"
console.warn: LoginRecipes: "getRecipes: falling back to a synchronous message for:" "https://eduold.uk.ac.ir"
1656158700118	Marionette	INFO	Stopped listening on port 14413
console.error: services.settings: 
  main/query-stripping Signature failed  TypeError: NetworkError: Network request failed
JavaScript error: chrome://remote/content/marionette/cert.js, line 55: NS_ERROR_NOT_AVAILABLE: Component returned failure code: 0x80040111 (NS_ERROR_NOT_AVAILABLE) [nsICertOverrideService.setDisableAllSecurityChecksAndLetAttackersInterceptMyData]
1656159082319	geckodriver	INFO	Listening on 127.0.0.1:14612
1656159085381	mozrunner::runner	INFO	Running command: "C:\\Program Files\\Mozilla Firefox\\firefox.exe" "--marionette" "-no-remote" "-profile" "C:\\Users\\mrmmsi\\AppData\\Local\\Temp\\rust_mozprofileROBOGy"
1656159085632	Marionette	INFO	Marionette enabled
console.warn: SearchSettings: "get: No settings file exists, new profile?" (new NotFoundError("Could not open the file at C:\\Users\\mrmmsi\\AppData\\Local\\Temp\\rust_mozprofileROBOGy\\search.json.mozlz4", (void 0)))
1656159086659	Marionette	INFO	Listening on port 14635
Read port: 14635
1656159086717	RemoteAgent	WARN	TLS certificate errors will be ignored for this session
1656159086728	Marionette	INFO	Stopped listening on port 14635
console.error: Region.jsm: "Error fetching region" (new TypeError("NetworkError when attempting to fetch resource.", ""))
console.error: Region.jsm: "Failed to fetch region" (new Error("NO_RESULT", "resource://gre/modules/Region.jsm", 419))
1656159087397	geckodriver	INFO	Listening on 127.0.0.1:14639
1656159090446	mozrunner::runner	INFO	Running command: "C:\\Program Files\\Mozilla Firefox\\firefox.exe" "--marionette" "-no-remote" "-profile" "C:\\Users\\mrmmsi\\AppData\\Local\\Temp\\rust_mozprofileyfcCTK"
1656159090683	Marionette	INFO	Marionette enabled
JavaScript error: chrome://browser/content/tabbrowser.js, line 5318: TypeError: this.PictureInPicture is undefined
console.warn: SearchSettings: "get: No settings file exists, new profile?" (new NotFoundError("Could not open the file at C:\\Users\\mrmmsi\\AppData\\Local\\Temp\\rust_mozprofileyfcCTK\\search.json.mozlz4", (void 0)))
JavaScript error: resource:///modules/CustomizableUI.jsm, line 4103: Error: Area not yet restored
JavaScript error: chrome://browser/content/tabbrowser.js, line 5318: TypeError: this.PictureInPicture is undefined
JavaScript error: chrome://browser/content/tabbrowser.js, line 5318: TypeError: this.PictureInPicture is undefined
JavaScript error: resource:///modules/CustomizableUI.jsm, line 4103: Error: Area not yet restored
JavaScript error: resource:///modules/CustomizableUI.jsm, line 4832: TypeError: aWindow.gNavToolbox.palette is undefined

###!!! [Parent][PGPUParent] Error: RunMessage(msgname=PGPU::Msg_ShutdownVR) Channel closing: too late to send/recv, messages will be lost

1656159185437	geckodriver	INFO	Listening on 127.0.0.1:14735
1656159188509	mozrunner::runner	INFO	Running command: "C:\\Program Files\\Mozilla Firefox\\firefox.exe" "--marionette" "-no-remote" "-profile" "C:\\Users\\mrmmsi\\AppData\\Local\\Temp\\rust_mozprofileB4yA85"
1656159188747	Marionette	INFO	Marionette enabled
console.warn: SearchSettings: "get: No settings file exists, new profile?" (new NotFoundError("Could not open the file at C:\\Users\\mrmmsi\\AppData\\Local\\Temp\\rust_mozprofileB4yA85\\search.json.mozlz4", (void 0)))
1656159189778	Marionette	INFO	Listening on port 14757
Read port: 14757
1656159189859	RemoteAgent	WARN	TLS certificate errors will be ignored for this session
1656159189868	Marionette	INFO	Stopped listening on port 14757
console.error: Region.jsm: "Error fetching region" (new TypeError("NetworkError when attempting to fetch resource.", ""))
console.error: Region.jsm: "Failed to fetch region" (new Error("NO_RESULT", "resource://gre/modules/Region.jsm", 419))
1656159190290	geckodriver	INFO	Listening on 127.0.0.1:14763
1656159193361	mozrunner::runner	INFO	Running command: "C:\\Program Files\\Mozilla Firefox\\firefox.exe" "--marionette" "-no-remote" "-profile" "C:\\Users\\mrmmsi\\AppData\\Local\\Temp\\rust_mozprofile1FaoH7"
1656159193590	Marionette	INFO	Marionette enabled
console.warn: SearchSettings: "get: No settings file exists, new profile?" (new NotFoundError("Could not open the file at C:\\Users\\mrmmsi\\AppData\\Local\\Temp\\rust_mozprofile1FaoH7\\search.json.mozlz4", (void 0)))
1656159194546	Marionette	INFO	Listening on port 14783
Read port: 14783
1656159194575	RemoteAgent	WARN	TLS certificate errors will be ignored for this session
JavaScript warning: https://eduold.uk.ac.ir/_Scripts/faci.js, line 228: unreachable code after return statement
JavaScript warning: https://eduold.uk.ac.ir/_Scripts/Commander.js, line 2696: unreachable code after return statement
JavaScript warning: https://eduold.uk.ac.ir/_Scripts/Commander.js, line 3105: unreachable code after return statement
console.warn: LoginRecipes: "getRecipes: falling back to a synchronous message for:" "https://eduold.uk.ac.ir"
console.warn: LoginRecipes: "getRecipes: falling back to a synchronous message for:" "https://eduold.uk.ac.ir"
